2020-08-22 17:16:59.225  INFO 22648 --- [restartedMain] whut.mall.MallApplication                : Starting MallApplication on LAPTOP-0OANA1J6 with PID 22648 (D:\.a大三下课程学习\实习\mall01\target\classes started by 22286 in D:\.a大三下课程学习\实习\mall01)
2020-08-22 17:16:59.266  INFO 22648 --- [restartedMain] whut.mall.MallApplication                : No active profile set, falling back to default profiles: default
2020-08-22 17:16:59.552  INFO 22648 --- [restartedMain] .e.DevToolsPropertyDefaultsPostProcessor : Devtools property defaults active! Set 'spring.devtools.add-properties' to 'false' to disable
2020-08-22 17:16:59.553  INFO 22648 --- [restartedMain] .e.DevToolsPropertyDefaultsPostProcessor : For additional web related logging consider setting the 'logging.level.web' property to 'DEBUG'
2020-08-22 17:17:01.920  INFO 22648 --- [restartedMain] .s.d.r.c.RepositoryConfigurationDelegate : Bootstrapping Spring Data JPA repositories in DEFERRED mode.
2020-08-22 17:17:02.060  INFO 22648 --- [restartedMain] .s.d.r.c.RepositoryConfigurationDelegate : Finished Spring Data repository scanning in 53ms. Found 0 JPA repository interfaces.
2020-08-22 17:17:04.414  INFO 22648 --- [restartedMain] o.s.b.w.embedded.tomcat.TomcatWebServer  : Tomcat initialized with port(s): 8080 (http)
2020-08-22 17:17:04.456  INFO 22648 --- [restartedMain] o.apache.catalina.core.StandardService   : Starting service [Tomcat]
2020-08-22 17:17:04.457  INFO 22648 --- [restartedMain] org.apache.catalina.core.StandardEngine  : Starting Servlet engine: [Apache Tomcat/9.0.37]
2020-08-22 17:17:04.693  INFO 22648 --- [restartedMain] o.a.c.c.C.[Tomcat].[localhost].[/]       : Initializing Spring embedded WebApplicationContext
2020-08-22 17:17:04.694  INFO 22648 --- [restartedMain] w.s.c.ServletWebServerApplicationContext : Root WebApplicationContext: initialization completed in 5140 ms
2020-08-22 17:17:05.316  INFO 22648 --- [restartedMain] o.s.s.concurrent.ThreadPoolTaskExecutor  : Initializing ExecutorService 'applicationTaskExecutor'
2020-08-22 17:17:05.466  INFO 22648 --- [task-1] o.hibernate.jpa.internal.util.LogHelper  : HHH000204: Processing PersistenceUnitInfo [name: default]
2020-08-22 17:17:05.575  WARN 22648 --- [restartedMain] JpaBaseConfiguration$JpaWebConfiguration : spring.jpa.open-in-view is enabled by default. Therefore, database queries may be performed during view rendering. Explicitly configure spring.jpa.open-in-view to disable this warning
2020-08-22 17:17:05.687  INFO 22648 --- [task-1] org.hibernate.Version                    : HHH000412: Hibernate ORM core version 5.4.20.Final
2020-08-22 17:17:06.431  INFO 22648 --- [task-1] o.hibernate.annotations.common.Version   : HCANN000001: Hibernate Commons Annotations {5.1.0.Final}
2020-08-22 17:17:06.986  WARN 22648 --- [restartedMain] ion$DefaultTemplateResolverConfiguration : Cannot find template location: classpath:/templates/ (please add some templates or check your Thymeleaf configuration)
2020-08-22 17:17:06.988  WARN 22648 --- [restartedMain] org.thymeleaf.templatemode.TemplateMode  : [THYMELEAF][restartedMain] Template Mode 'HTML5' is deprecated. Using Template Mode 'HTML' instead.
2020-08-22 17:17:07.016  INFO 22648 --- [task-1] com.zaxxer.hikari.HikariDataSource       : HikariPool-1 - Starting...
2020-08-22 17:17:07.019  WARN 22648 --- [task-1] com.zaxxer.hikari.util.DriverDataSource  : Registered driver with driverClassName=com.mysql.jdbc.Driver was not found, trying direct instantiation.
2020-08-22 17:17:07.527  INFO 22648 --- [task-1] com.zaxxer.hikari.HikariDataSource       : HikariPool-1 - Start completed.
2020-08-22 17:17:07.529  INFO 22648 --- [restartedMain] o.s.b.d.a.OptionalLiveReloadServer       : LiveReload server is running on port 35729
2020-08-22 17:17:07.644  INFO 22648 --- [task-1] org.hibernate.dialect.Dialect            : HHH000400: Using dialect: org.hibernate.dialect.MySQL57Dialect
2020-08-22 17:17:07.673  INFO 22648 --- [restartedMain] o.s.b.w.embedded.tomcat.TomcatWebServer  : Tomcat started on port(s): 8080 (http) with context path ''
2020-08-22 17:17:07.678  INFO 22648 --- [restartedMain] DeferredRepositoryInitializationListener : Triggering deferred initialization of Spring Data repositories…
2020-08-22 17:17:07.679  INFO 22648 --- [restartedMain] DeferredRepositoryInitializationListener : Spring Data repositories initialized!
2020-08-22 17:17:07.724  INFO 22648 --- [restartedMain] whut.mall.MallApplication                : Started MallApplication in 9.915 seconds (JVM running for 16.072)
2020-08-22 17:17:10.854  INFO 22648 --- [task-1] o.h.e.t.j.p.i.JtaPlatformInitiator       : HHH000490: Using JtaPlatform implementation: [org.hibernate.engine.transaction.jta.platform.internal.NoJtaPlatform]
2020-08-22 17:17:10.887  INFO 22648 --- [task-1] j.LocalContainerEntityManagerFactoryBean : Initialized JPA EntityManagerFactory for persistence unit 'default'
2020-08-22 20:10:50.115  WARN 22648 --- [HikariPool-1 housekeeper] com.zaxxer.hikari.pool.HikariPool        : HikariPool-1 - Thread starvation or clock leap detected (housekeeper delta=38m42s72ms78µs).
